Start testing: Sep 05 15:35 PDT
----------------------------------------------------------
45/45 Testing: ts1_example
45/45 Test: ts1_example
Command: "/Users/mthind/Desktop/code/micm/build/micm" "/Users/mthind/Desktop/code/micm/build/examples/configs/TS1" "/Users/mthind/Desktop/code/micm/build/examples/configs/TS1/initial_conditions.csv"
Directory: /Users/mthind/Desktop/code/micm/build
"ts1_example" start time: Sep 05 15:35 PDT
Output:
----------------------------------------------------------
Montek STRINGVALUE BEFOORE error Float molecular weight [kg mol-1] -> 0.133141
Montek STRINGVALUE BEFOORE error Float molecular weight [kg mol-1] -> 0.124135
Montek STRINGVALUE BEFOORE error Float molecular weight [kg mol-1] -> 0.110109
Montek STRINGVALUE BEFOORE error INT molecular weight [kg mol-1] -> 0
Montek STRINGVALUE BEFOORE error INT molecular weight [kg mol-1] -> 0
Montek STRINGVALUE BEFOORE error INT molecular weight [kg mol-1] -> 0
Montek STRINGVALUE BEFOORE error INT molecular weight [kg mol-1] -> 0
Montek STRINGVALUE BEFOORE error INT molecular weight [kg mol-1] -> 0
Montek STRINGVALUE BEFOORE error Float molecular weight [kg mol-1] -> 0.159115
Montek STRINGVALUE BEFOORE error Float molecular weight [kg mol-1] -> 0.123128
Montek STRINGVALUE BEFOORE error INT molecular weight [kg mol-1] -> 0
Montek STRINGVALUE BEFOORE error INT molecular weight [kg mol-1] -> 0
Montek STRINGVALUE BEFOORE error INT molecular weight [kg mol-1] -> 0
Montek STRINGVALUE BEFOORE error INT molecular weight [kg mol-1] -> 0
Montek STRINGVALUE BEFOORE error INT molecular weight [kg mol-1] -> 0
Montek STRINGVALUE BEFOORE error Float molecular weight [kg mol-1] -> 0.121048
Montek STRINGVALUE BEFOORE error Float molecular weight [kg mol-1] -> 0.0700878
Montek STRINGVALUE BEFOORE error Float molecular weight [kg mol-1] -> 0.120101
Montek STRINGVALUE BEFOORE error INT molecular weight [kg mol-1] -> 0
Montek STRINGVALUE BEFOORE error INT molecular weight [kg mol-1] -> 0
Montek STRINGVALUE BEFOORE error INT molecular weight [kg mol-1] -> 0
Montek STRINGVALUE BEFOORE error INT molecular weight [kg mol-1] -> 0
Montek STRINGVALUE BEFOORE error INT molecular weight [kg mol-1] -> 0
Montek STRINGVALUE BEFOORE error INT molecular weight [kg mol-1] -> 0
Montek STRINGVALUE BEFOORE error INT molecular weight [kg mol-1] -> 0
Montek STRINGVALUE BEFOORE error INT molecular weight [kg mol-1] -> 0
Montek STRINGVALUE BEFOORE error INT molecular weight [kg mol-1] -> 0
Montek STRINGVALUE BEFOORE error INT molecular weight [kg mol-1] -> 0
Montek STRINGVALUE BEFOORE error INT molecular weight [kg mol-1] -> 0
Montek STRINGVALUE BEFOORE error INT molecular weight [kg mol-1] -> 0
Montek STRINGVALUE BEFOORE error INT molecular weight [kg mol-1] -> 0
Montek STRINGVALUE BEFOORE error INT molecular weight [kg mol-1] -> 0
Montek STRINGVALUE BEFOORE error INT molecular weight [kg mol-1] -> 0
Montek STRINGVALUE BEFOORE error Float molecular weight [kg mol-1] -> 0.147126
Montek STRINGVALUE BEFOORE error Float diffusion coefficient [m2 s-1] -> 1000.0
Montek STRINGVALUE BEFOORE error INT molecular weight [kg mol-1] -> 0
Montek STRINGVALUE BEFOORE error INT molecular weight [kg mol-1] -> 0
Montek STRINGVALUE BEFOORE error INT molecular weight [kg mol-1] -> 0
Montek STRINGVALUE BEFOORE error INT molecular weight [kg mol-1] -> 0
Montek STRINGVALUE BEFOORE error INT molecular weight [kg mol-1] -> 0
Montek STRINGVALUE BEFOORE error INT molecular weight [kg mol-1] -> 0
Montek STRINGVALUE BEFOORE error INT molecular weight [kg mol-1] -> 0
Montek STRINGVALUE BEFOORE error Float molecular weight [kg mol-1] -> 0.0010074
Montek STRINGVALUE BEFOORE error Float molecular weight [kg mol-1] -> 0.0721026
Montek STRINGVALUE BEFOORE error INT molecular weight [kg mol-1] -> 0
Montek STRINGVALUE BEFOORE error Float molecular weight [kg mol-1] -> 0.10801
Montek STRINGVALUE BEFOORE error Float diffusion coefficient [m2 s-1] -> 1000.0
Montek STRINGVALUE BEFOORE error Float molecular weight [kg mol-1] -> 0.0270251
Montek STRINGVALUE BEFOORE error INT molecular weight [kg mol-1] -> 0
Montek STRINGVALUE BEFOORE error Float molecular weight [kg mol-1] -> 0.162118
Montek STRINGVALUE BEFOORE error Float molecular weight [kg mol-1] -> 0.0890682
Montek STRINGVALUE BEFOORE error Float molecular weight [kg mol-1] -> 0.175114
Montek STRINGVALUE BEFOORE error INT molecular weight [kg mol-1] -> 0
Montek STRINGVALUE BEFOORE error INT molecular weight [kg mol-1] -> 0
Montek STRINGVALUE BEFOORE error Float molecular weight [kg mol-1] -> 0.21524
Montek STRINGVALUE BEFOORE error Float diffusion coefficient [m2 s-1] -> 1000.0
Montek STRINGVALUE BEFOORE error INT molecular weight [kg mol-1] -> 0
Montek STRINGVALUE BEFOORE error INT molecular weight [kg mol-1] -> 0
Montek STRINGVALUE BEFOORE error Float molecular weight [kg mol-1] -> 0.0630123
Montek STRINGVALUE BEFOORE error Float molecular weight [kg mol-1] -> 0.137112
Montek STRINGVALUE BEFOORE error Float molecular weight [kg mol-1] -> 0.0760498
Montek STRINGVALUE BEFOORE error Float molecular weight [kg mol-1] -> 0.0640648
Montek STRINGVALUE BEFOORE error INT molecular weight [kg mol-1] -> 0
Montek STRINGVALUE BEFOORE error Float molecular weight [kg mol-1] -> 0.0160406
Montek STRINGVALUE BEFOORE error Float molecular weight [kg mol-1] -> 0.0504859
Montek STRINGVALUE BEFOORE error Float molecular weight [kg mol-1] -> 0.0750424
Montek STRINGVALUE BEFOORE error Float molecular weight [kg mol-1] -> 0.109102
Montek STRINGVALUE BEFOORE error Float molecular weight [kg mol-1] -> 0.168227
Montek STRINGVALUE BEFOORE error Float molecular weight [kg mol-1] -> 0.0740762
Montek STRINGVALUE BEFOORE error Float molecular weight [kg mol-1] -> 0.116112
Montek STRINGVALUE BEFOORE error INT molecular weight [kg mol-1] -> 0
Montek STRINGVALUE BEFOORE error Float molecular weight [kg mol-1] -> 0.0180142
Montek STRINGVALUE BEFOORE error Float molecular weight [kg mol-1] -> 0.0460055
Montek STRINGVALUE BEFOORE error Float diffusion coefficient [m2 s-1] -> 1000.0
Montek STRINGVALUE BEFOORE error Float molecular weight [kg mol-1] -> 0.0780646
Montek STRINGVALUE BEFOORE error Float molecular weight [kg mol-1] -> 0.23124
Montek STRINGVALUE BEFOORE error Float diffusion coefficient [m2 s-1] -> 1000.0
Montek STRINGVALUE BEFOORE error INT molecular weight [kg mol-1] -> 0
Montek STRINGVALUE BEFOORE error Float molecular weight [kg mol-1] -> 0.153822
Montek STRINGVALUE BEFOORE error Float molecular weight [kg mol-1] -> 0.165365
Montek STRINGVALUE BEFOORE error Float molecular weight [kg mol-1] -> 0.14891
Montek STRINGVALUE BEFOORE error Float molecular weight [kg mol-1] -> 0.137368
Montek STRINGVALUE BEFOORE error Float molecular weight [kg mol-1] -> 0.187375
Montek STRINGVALUE BEFOORE error Float molecular weight [kg mol-1] -> 0.170921
Montek STRINGVALUE BEFOORE error Float molecular weight [kg mol-1] -> 0.154467
Montek STRINGVALUE BEFOORE error Float molecular weight [kg mol-1] -> 0.120913
Montek STRINGVALUE BEFOORE error Float molecular weight [kg mol-1] -> 0.173834
Montek STRINGVALUE BEFOORE error Float molecular weight [kg mol-1] -> 0.0949372
Montek STRINGVALUE BEFOORE error Float molecular weight [kg mol-1] -> 0.133402
Montek STRINGVALUE BEFOORE error Float molecular weight [kg mol-1] -> 0.0300061
Montek STRINGVALUE BEFOORE error Float molecular weight [kg mol-1] -> 0.079904
Montek STRINGVALUE BEFOORE error Float molecular weight [kg mol-1] -> 0.115357
Montek STRINGVALUE BEFOORE error Float molecular weight [kg mol-1] -> 0.0959034
Montek STRINGVALUE BEFOORE error Float molecular weight [kg mol-1] -> 0.141909
Montek STRINGVALUE BEFOORE error Float molecular weight [kg mol-1] -> 0.0354527
Montek STRINGVALUE BEFOORE error Float molecular weight [kg mol-1] -> 0.0709054
Montek STRINGVALUE BEFOORE error Float molecular weight [kg mol-1] -> 0.102904
Montek STRINGVALUE BEFOORE error Float molecular weight [kg mol-1] -> 0.0514521
Montek STRINGVALUE BEFOORE error Float molecular weight [kg mol-1] -> 0.0974576
Montek STRINGVALUE BEFOORE error Float molecular weight [kg mol-1] -> 0.0460246
Montek STRINGVALUE BEFOORE error Float molecular weight [kg mol-1] -> 0.0809114
Montek STRINGVALUE BEFOORE error Float molecular weight [kg mol-1] -> 0.0969108
Montek STRINGVALUE BEFOORE error Float molecular weight [kg mol-1] -> 0.0524595
Montek STRINGVALUE BEFOORE error Float molecular weight [kg mol-1] -> 0.0140067
Montek STRINGVALUE BEFOORE error Float molecular weight [kg mol-1] -> 0.0561032
Montek STRINGVALUE BEFOORE error Float molecular weight [kg mol-1] -> 0.0280516
Montek STRINGVALUE BEFOORE error Float molecular weight [kg mol-1] -> 0.0610578
Montek STRINGVALUE BEFOORE error Float molecular weight [kg mol-1] -> 0.0720614
Montek STRINGVALUE BEFOORE error Float molecular weight [kg mol-1] -> 0.0580768
Montek STRINGVALUE BEFOORE error Float molecular weight [kg mol-1] -> 0.0159994
Montek STRINGVALUE BEFOORE error Float molecular weight [kg mol-1] -> 0.0674515
Montek STRINGVALUE BEFOORE error Float molecular weight [kg mol-1] -> 0.0159994
Montek STRINGVALUE BEFOORE error Float molecular weight [kg mol-1] -> 0.159115
Montek STRINGVALUE BEFOORE error Float molecular weight [kg mol-1] -> 0.116948
Montek STRINGVALUE BEFOORE error Float molecular weight [kg mol-1] -> 0.100494
Montek STRINGVALUE BEFOORE error Float molecular weight [kg mol-1] -> 0.0864679
Montek STRINGVALUE BEFOORE error Float molecular weight [kg mol-1] -> 0.0621324
Montek STRINGVALUE BEFOORE error Float molecular weight [kg mol-1] -> 0.0460658
Montek STRINGVALUE BEFOORE error Float molecular weight [kg mol-1] -> 0.0364601
Montek STRINGVALUE BEFOORE error Float molecular weight [kg mol-1] -> 0.126109
Montek STRINGVALUE BEFOORE error Float molecular weight [kg mol-1] -> 0.25273
Montek STRINGVALUE BEFOORE error Float molecular weight [kg mol-1] -> 0.259824
Montek STRINGVALUE BEFOORE error Float molecular weight [kg mol-1] -> 0.0440098
Montek STRINGVALUE BEFOORE error Float molecular weight [kg mol-1] -> 0.106121
Montek STRINGVALUE BEFOORE error Float molecular weight [kg mol-1] -> 0.0781104
Montek STRINGVALUE BEFOORE error Float molecular weight [kg mol-1] -> 0.0750836
Montek STRINGVALUE BEFOORE error Float molecular weight [kg mol-1] -> 0.047032
Montek STRINGVALUE BEFOORE error Float molecular weight [kg mol-1] -> 0.204343
Montek STRINGVALUE BEFOORE error Float molecular weight [kg mol-1] -> 0.0980982
Montek STRINGVALUE BEFOORE error Float molecular weight [kg mol-1] -> 0.0980982
Montek STRINGVALUE BEFOORE error Float molecular weight [kg mol-1] -> 0.0980982
Montek STRINGVALUE BEFOORE error Float molecular weight [kg mol-1] -> 0.112124
Montek STRINGVALUE BEFOORE error Float molecular weight [kg mol-1] -> 0.0721438
Montek STRINGVALUE BEFOORE error Float molecular weight [kg mol-1] -> 0.0340136
Montek STRINGVALUE BEFOORE error Float molecular weight [kg mol-1] -> 0.0620652
Montek STRINGVALUE BEFOORE error Float molecular weight [kg mol-1] -> 0.0300664
Montek STRINGVALUE BEFOORE error Float molecular weight [kg mol-1] -> 0.0440922
Montek STRINGVALUE BEFOORE error Float molecular weight [kg mol-1] -> 0.0420774
Montek STRINGVALUE BEFOORE error Float molecular weight [kg mol-1] -> 0.0300252
Montek STRINGVALUE BEFOORE error Float molecular weight [kg mol-1] -> 0.0410509
Montek STRINGVALUE BEFOORE error Float molecular weight [kg mol-1] -> 0.0260368
Montek STRINGVALUE BEFOORE error Float molecular weight [kg mol-1] -> 0.03204
Montek STRINGVALUE BEFOORE error Float molecular weight [kg mol-1] -> 0.0480394
Montek STRINGVALUE BEFOORE error Float molecular weight [kg mol-1] -> 0.108136
Montek STRINGVALUE BEFOORE error Float molecular weight [kg mol-1] -> 0.105109
Montek STRINGVALUE BEFOORE error Float molecular weight [kg mol-1] -> 0.119093
Montek STRINGVALUE BEFOORE error Float molecular weight [kg mol-1] -> 0.11712
Montek STRINGVALUE BEFOORE error Float molecular weight [kg mol-1] -> 0.115064
Montek STRINGVALUE BEFOORE error Float molecular weight [kg mol-1] -> 0.11712
Montek STRINGVALUE BEFOORE error Float molecular weight [kg mol-1] -> 0.101079
Montek STRINGVALUE BEFOORE error Float molecular weight [kg mol-1] -> 0.117079
Montek STRINGVALUE BEFOORE error Float molecular weight [kg mol-1] -> 0.103094
Montek STRINGVALUE BEFOORE error Float molecular weight [kg mol-1] -> 0.0770572
Montek STRINGVALUE BEFOORE error Float molecular weight [kg mol-1] -> 0.0610578
Montek STRINGVALUE BEFOORE error Float molecular weight [kg mol-1] -> 0.0580356
Montek STRINGVALUE BEFOORE error Float diffusion coefficient [m2 s-1] -> 1e300
Montek STRINGVALUE BEFOORE error Float molecular weight [kg mol-1] -> 0.147085
Montek STRINGVALUE BEFOORE error Float molecular weight [kg mol-1] -> 0.147126
Montek STRINGVALUE BEFOORE error Float diffusion coefficient [m2 s-1] -> 1000.0
Montek STRINGVALUE BEFOORE error Float molecular weight [kg mol-1] -> 0.118127
Montek STRINGVALUE BEFOORE error Float molecular weight [kg mol-1] -> 0.0600504
Montek STRINGVALUE BEFOORE error Float molecular weight [kg mol-1] -> 0.0330062
Montek STRINGVALUE BEFOORE error Float diffusion coefficient [m2 s-1] -> 1000.0
Montek STRINGVALUE BEFOORE error Float molecular weight [kg mol-1] -> 0.0630314
Montek STRINGVALUE BEFOORE error Float molecular weight [kg mol-1] -> 0.0020148
Montek STRINGVALUE BEFOORE error Float molecular weight [kg mol-1] -> 0.100113
Montek STRINGVALUE BEFOORE error Float molecular weight [kg mol-1] -> 0.0681142
Montek STRINGVALUE BEFOORE error Float molecular weight [kg mol-1] -> 0.230232
Montek STRINGVALUE BEFOORE error Float molecular weight [kg mol-1] -> 0.173141
Montek STRINGVALUE BEFOORE error Float molecular weight [kg mol-1] -> 0.199219
Montek STRINGVALUE BEFOORE error Float molecular weight [kg mol-1] -> 0.187166
Montek STRINGVALUE BEFOORE error Float molecular weight [kg mol-1] -> 0.185234
Montek STRINGVALUE BEFOORE error Float molecular weight [kg mol-1] -> 0.203166
Montek STRINGVALUE BEFOORE error Float molecular weight [kg mol-1] -> 0.183118
Montek STRINGVALUE BEFOORE error Float molecular weight [kg mol-1] -> 0.106162
Montek STRINGVALUE BEFOORE error Float molecular weight [kg mol-1] -> 0.091083
Montek STRINGVALUE BEFOORE error Float molecular weight [kg mol-1] -> 0.0921362
Montek STRINGVALUE BEFOORE error Float molecular weight [kg mol-1] -> 0.149119
Montek STRINGVALUE BEFOORE error Float molecular weight [kg mol-1] -> 0.150126
Montek STRINGVALUE BEFOORE error Float molecular weight [kg mol-1] -> 0.154201
Montek STRINGVALUE BEFOORE error Float molecular weight [kg mol-1] -> 0.104101
Montek STRINGVALUE BEFOORE error Float molecular weight [kg mol-1] -> 0.0700878
Montek STRINGVALUE BEFOORE error Float molecular weight [kg mol-1] -> 0.1331
Montek STRINGVALUE BEFOORE error Float diffusion coefficient [m2 s-1] -> 1000.0
Montek STRINGVALUE BEFOORE error Float molecular weight [kg mol-1] -> 0.147126
Montek STRINGVALUE BEFOORE error Float diffusion coefficient [m2 s-1] -> 1000.0
Montek STRINGVALUE BEFOORE error Float molecular weight [kg mol-1] -> 0.163125
Montek STRINGVALUE BEFOORE error Float molecular weight [kg mol-1] -> 0.118127
Montek STRINGVALUE BEFOORE error Float molecular weight [kg mol-1] -> 0.147126
Montek STRINGVALUE BEFOORE error Float diffusion coefficient [m2 s-1] -> 1000.0
Montek STRINGVALUE BEFOORE error Float molecular weight [kg mol-1] -> 0.0980784
Montek STRINGVALUE BEFOORE error Float molecular weight [kg mol-1] -> 0.0440129
Montek STRINGVALUE BEFOORE error Float molecular weight [kg mol-1] -> 0.0620049
Montek STRINGVALUE BEFOORE error Float diffusion coefficient [m2 s-1] -> 1000.0
Montek STRINGVALUE BEFOORE error Float molecular weight [kg mol-1] -> 0.0170068
Montek STRINGVALUE BEFOORE error Float molecular weight [kg mol-1] -> 0.176122
Montek STRINGVALUE BEFOORE error Float molecular weight [kg mol-1] -> 0.0941098
Montek STRINGVALUE BEFOORE error Float molecular weight [kg mol-1] -> 0.122161
Montek STRINGVALUE BEFOORE error Float molecular weight [kg mol-1] -> 0.0900756
Montek STRINGVALUE BEFOORE error Float molecular weight [kg mol-1] -> 0.0479982
Montek STRINGVALUE BEFOORE error Float molecular weight [kg mol-1] -> 0.186241
Montek STRINGVALUE BEFOORE error Float molecular weight [kg mol-1] -> 0.174148
Montek STRINGVALUE BEFOORE error Float molecular weight [kg mol-1] -> 0.188174
Montek STRINGVALUE BEFOORE error Float molecular weight [kg mol-1] -> 0.204173
Montek STRINGVALUE BEFOORE error Float molecular weight [kg mol-1] -> 0.0280104
Montek STRINGVALUE BEFOORE error Float molecular weight [kg mol-1] -> 0.0600504
Montek STRINGVALUE BEFOORE error Float molecular weight [kg mol-1] -> 0.044051
Montek STRINGVALUE BEFOORE error Float molecular weight [kg mol-1] -> 0.0840724
Montek STRINGVALUE BEFOORE error Float molecular weight [kg mol-1] -> 0.104143
Montek STRINGVALUE BEFOORE error Float molecular weight [kg mol-1] -> 0.12909
Montek STRINGVALUE BEFOORE error Float molecular weight [kg mol-1] -> 0.160122
Montek STRINGVALUE BEFOORE error Float molecular weight [kg mol-1] -> 0.103135
Montek STRINGVALUE BEFOORE error Float molecular weight [kg mol-1] -> 0.0790117
Montek STRINGVALUE BEFOORE error Float molecular weight [kg mol-1] -> 0.076091
Montek STRINGVALUE BEFOORE error Float molecular weight [kg mol-1] -> 0.017031
Montek STRINGVALUE BEFOORE error Float molecular weight [kg mol-1] -> 0.200226
Montek STRINGVALUE BEFOORE error Float molecular weight [kg mol-1] -> 0.0920904
Montek STRINGVALUE BEFOORE error Float molecular weight [kg mol-1] -> 0.119074
Montek STRINGVALUE BEFOORE error Float molecular weight [kg mol-1] -> 0.145111
Montek STRINGVALUE BEFOORE error Float diffusion coefficient [m2 s-1] -> 1000.0
Montek STRINGVALUE BEFOORE error Float molecular weight [kg mol-1] -> 0.140134
Montek STRINGVALUE BEFOORE error INT molecular weight [kg mol-1] -> 0
  time,      ACBZO2,      ALKNIT,       ALKO2,      ALKOOH,       BCARY,  BCARYO2VBS,     BENZENE,      BENZO2,   BENZO2VBS,     BENZOOH,     BEPOMUC,      BIGALD,     BIGALD1,     BIGALD2,     BIGALD3,     BIGALD4,      BIGALK,      BIGENE,          BR,        BRCL,         BRO,      BRONO2,       BZALD,        BZOO,       BZOOH,        C2H2,        C2H4,      C2H5O2,      C2H5OH,     C2H5OOH,        C2H6,        C3H6,      C3H7O2,     C3H7OOH,        C3H8,      C6H5O2,     C6H5OOH,        CCL4,     CF2CLBR,       CF3BR,       CFC11,      CFC113,      CFC114,      CFC115,       CFC12,      CH2BR2,        CH2O,       CH3BR,     CH3CCL3,      CH3CHO,       CH3CL,       CH3CN,      CH3CO3,    CH3COCH3,    CH3COCHO,     CH3COOH,    CH3COOOH,       CH3O2,       CH3OH,      CH3OOH,         CH4,       CHBR3,          CL,         CL2,       CL2O2,         CLO,      CLONO2,          CO,         CO2,        COF2,       COFCL,      CRESOL,    DICARBO2,         DMS,         E90,       ENEO2,          EO,         EO2,        EOOH,           F,      GLYALD,     GLYOXAL,           H,          H2,       H2402,         H2O,        H2O2,       H2SO4,         HBR,    HCFC141B,    HCFC142B,      HCFC22,         HCL,         HCN,       HCOOH,          HF,        HNO3,         HO2,      HO2NO2,        HOBR,     HOCH2OO,        HOCL,      HONITR,       HPALD,        HYAC,     HYDRALD,       IEPOX,        ISOP,     ISOPAO2,     ISOPBO2,    ISOPNITA,    ISOPNITB,     ISOPNO3,    ISOPNOOH,   ISOPO2VBS,     ISOPOOH,        IVOC,   IVOCO2VBS,        MACR,      MACRO2,     MACROOH,       MALO2,        MCO3,     MDIALO2,         MEK,       MEKO2,      MEKOOH,        MPAN,       MTERP,  MTERPO2VBS,         MVK,           N,          N2,         N2O,        N2O5,    NC4CH2OH,      NC4CHO,         NH3,         NH4,        NH_5,       NH_50,          NO,         NO2,         NO3,         NOA,     NTERPO2,    NTERPOOH,           O,         O1D,          O2,          O3,        OCLO,         OCS,          OH,       ONITR,         PAN,      PBZNIT,       PHENO,      PHENO2,      PHENOL,     PHENOOH,         PO2,        POOH,         RO2,        ROOH,           S,         SF6,          SO,         SO2,         SO3,       SOAG0,       SOAG1,       SOAG2,       SOAG3,       SOAG4,     ST80_25,        SVOC,     TEPOMUC,     TERP2O2,    TERP2OOH,     TERPNIT,      TERPO2,     TERPOOH,    TERPROD1,    TERPROD2,       TOLO2,      TOLOOH,     TOLUENE,   TOLUO2VBS,         XO2,        XOOH,     XYLENES,     XYLENO2,    XYLENOOH,   XYLEO2VBS,       XYLOL,     XYLOLO2,    XYLOLOOH,        sink,     soa1_a1,     soa1_a2,     soa2_a1,     soa2_a2,     soa3_a1,     soa3_a2,     soa4_a1,     soa4_a2,     soa5_a1,     soa5_a2
     0,    3.54e-13,    8.72e-10,    1.39e-11,    3.79e-10,    5.04e-12,    0.00e+00,    2.67e-09,    2.09e-13,    0.00e+00,    5.78e-12,    5.40e-12,    1.33e-11,    6.47e-11,    6.58e-11,    6.83e-11,    7.34e-10,    1.90e-08,    6.59e-10,    3.67e-14,    9.18e-19,    1.95e-13,    1.22e-11,    4.70e-10,    8.81e-13,    2.68e-11,    2.13e-08,    2.51e-08,    1.55e-12,    2.75e-08,    7.99e-11,    2.93e-08,    2.42e-09,    2.31e-12,    7.87e-11,    9.70e-09,    6.23e-12,    4.20e-10,    2.96e-09,    1.24e-10,    1.26e-10,    8.50e-09,    2.66e-09,    6.19e-10,    3.29e-10,    1.92e-08,    4.32e-11,    2.44e-07,    2.37e-10,    5.55e-11,    2.51e-08,    2.07e-08,    4.66e-09,    8.32e-11,    7.37e-08,    1.95e-08,    8.20e-09,    7.19e-09,    3.34e-10,    2.74e-07,    1.69e-08,    7.03e-05,    3.87e-11,    1.07e-15,    1.01e-16,    1.89e-23,    8.06e-14,    4.09e-11,    3.25e-06,    1.56e-02,    5.24e-11,    7.92e-12,    1.06e-10,    1.55e-13,    1.74e-10,    0.00e+00,    7.98e-12,    9.93e-18,    4.04e-11,    3.56e-09,    3.89e-28,    4.58e-08,    1.25e-08,    9.67e-18,    1.93e-05,    1.52e-11,    7.46e-01,    7.36e-08,    2.27e-11,    4.48e-11,    9.29e-10,    8.24e-10,    9.07e-09,    8.17e-10,    1.90e-08,    8.79e-09,    1.81e-11,    1.04e-07,    1.69e-09,    7.99e-10,    1.65e-12,    1.07e-13,    2.11e-12,    6.79e-09,    3.56e-10,    4.88e-08,    1.49e-08,    5.84e-09,    1.23e-08,    1.39e-10,    9.08e-11,    1.62e-09,    1.05e-09,    5.35e-13,    9.16e-11,    0.00e+00,    4.68e-09,    2.06e-09,    0.00e+00,    1.06e-08,    1.09e-10,    1.21e-09,    1.07e-13,    9.23e-12,    1.61e-13,    1.04e-08,    2.81e-12,    6.15e-11,    3.11e-09,    1.09e-09,    0.00e+00,    2.61e-08,    0.00e+00,    3.31e+01,    1.27e-05,    1.00e-11,    7.30e-13,    3.67e-11,    7.59e-08,    0.00e+00,    0.00e+00,    0.00e+00,    1.47e-08,    6.37e-08,    9.32e-12,    5.46e-09,    9.18e-13,    9.37e-11,    2.85e-14,    1.53e-19,    8.90e+00,    2.49e-06,    7.68e-19,    1.96e-08,    2.52e-11,    2.67e-09,    4.25e-08,    1.78e-10,    1.00e-12,    2.54e-13,    9.49e-11,    9.15e-12,    1.46e-11,    9.24e-10,    7.13e-12,    4.40e-10,    1.10e-26,    0.00e+00,    1.22e-20,    6.15e-08,    1.75e-17,    3.33e-11,    2.14e-10,    1.40e-09,    4.27e-09,    2.25e-08,    0.00e+00,    1.98e-10,    2.21e-10,    2.15e-11,    5.96e-10,    8.28e-10,    1.29e-11,    2.46e-10,    1.68e-09,    3.81e-09,    3.23e-12,    9.69e-11,    4.88e-09,    0.00e+00,    1.12e-10,    7.93e-09,    2.82e-09,    4.98e-12,    1.50e-10,    0.00e+00,    9.92e-11,    4.62e-13,    1.31e-11,    0.00e+00,    0.00e+00,    0.00e+00,    0.00e+00,    0.00e+00,    0.00e+00,    0.00e+00,    0.00e+00,    0.00e+00,    0.00e+00,    0.00e+00
    60,    1.63e-13,    8.78e-10,    1.00e-11,    3.81e-10,    1.44e-12,    4.18e-14,    2.67e-09,    1.40e-13,    3.95e-13,    5.80e-12,    5.36e-12,    1.28e-11,    6.42e-11,    6.50e-11,    6.75e-11,    7.36e-10,    1.90e-08,    6.33e-10,    4.18e-14,    7.66e-19,    1.75e-13,    1.23e-11,    4.69e-10,    6.16e-13,    2.69e-11,    2.13e-08,    2.49e-08,    9.63e-13,    2.74e-08,    7.98e-11,    2.93e-08,    2.37e-09,    1.51e-12,    7.89e-11,    9.69e-09,    4.92e-12,    4.19e-10,    2.96e-09,    1.24e-10,    1.26e-10,    8.50e-09,    2.66e-09,    6.19e-10,    3.29e-10,    1.92e-08,    4.32e-11,    2.44e-07,    2.37e-10,    5.55e-11,    2.50e-08,    2.07e-08,    4.66e-09,    3.98e-11,    7.38e-08,    1.95e-08,    8.20e-09,    7.20e-09,    1.65e-10,    2.74e-07,    1.68e-08,    7.03e-05,    3.87e-11,    8.61e-16,    9.94e-17,    3.07e-23,    5.41e-14,    4.11e-11,    3.25e-06,    1.56e-02,    5.24e-11,    7.92e-12,    1.06e-10,    1.45e-13,    1.73e-10,    0.00e+00,    5.32e-12,    1.32e-17,    3.00e-11,    3.57e-09,    3.54e-28,    4.60e-08,    1.25e-08,    6.50e-18,    1.93e-05,    1.52e-11,    7.46e-01,    7.38e-08,    6.98e-11,    4.48e-11,    9.29e-10,    8.24e-10,    9.07e-09,    8.17e-10,    1.90e-08,    8.80e-09,    1.81e-11,    1.05e-07,    1.09e-09,    2.10e-09,    1.58e-12,    2.13e-13,    2.10e-12,    6.71e-09,    3.48e-10,    4.90e-08,    1.48e-08,    5.85e-09,    1.13e-08,    9.95e-11,    6.60e-11,    1.59e-09,    1.03e-09,    2.43e-13,    8.90e-11,    1.45e-10,    4.64e-09,    2.04e-09,    3.45e-12,    1.05e-08,    8.07e-11,    1.20e-09,    9.95e-14,    5.33e-12,    1.50e-13,    1.04e-08,    1.97e-12,    6.18e-11,    3.14e-09,    1.04e-09,    6.52e-12,    2.60e-08,    0.00e+00,    3.31e+01,    1.27e-05,    1.81e-11,    6.83e-13,    3.36e-11,    7.59e-08,    0.00e+00,    0.00e+00,    0.00e+00,    1.73e-08,    5.85e-08,    5.75e-12,    5.47e-09,    5.64e-13,    9.03e-11,    2.01e-14,    1.38e-19,    8.90e+00,    2.50e-06,    5.03e-19,    1.96e-08,    2.09e-11,    2.65e-09,    4.32e-08,    1.81e-10,    9.96e-13,    1.84e-13,    9.38e-11,    9.17e-12,    1.03e-11,    9.23e-10,    4.92e-12,    4.39e-10,    9.82e-27,    0.00e+00,    8.06e-21,    6.15e-08,    5.99e-18,    5.23e-11,    2.21e-10,    1.41e-09,    4.28e-09,    2.26e-08,    0.00e+00,    1.96e-10,    2.18e-10,    1.54e-11,    5.92e-10,    8.05e-10,    9.42e-12,    2.44e-10,    1.67e-09,    3.79e-09,    2.34e-12,    9.73e-11,    4.86e-09,    3.54e-12,    7.93e-11,    7.94e-09,    2.78e-09,    3.40e-12,    1.50e-10,    5.98e-12,    9.83e-11,    3.17e-13,    1.32e-11,    0.00e+00,    0.00e+00,    0.00e+00,    0.00e+00,    0.00e+00,    0.00e+00,    0.00e+00,    0.00e+00,    0.00e+00,    0.00e+00,    0.00e+00
<end of output>
Test time =   1.09 sec
----------------------------------------------------------
Test Passed.
"ts1_example" end time: Sep 05 15:35 PDT
"ts1_example" time elapsed: 00:00:01
----------------------------------------------------------

End testing: Sep 05 15:35 PDT
