#0 building with "desktop-linux" instance using docker driver

#1 [internal] load build definition from Dockerfile.nvhpc
#1 transferring dockerfile: 1.09kB done
#1 DONE 0.0s

#2 [internal] load metadata for nvcr.io/nvidia/nvhpc:23.7-devel-cuda12.2-ubuntu22.04
#2 DONE 1.2s

#3 [internal] load .dockerignore
#3 transferring context: 182B done
#3 DONE 0.0s

#4 [1/6] FROM nvcr.io/nvidia/nvhpc:23.7-devel-cuda12.2-ubuntu22.04@sha256:72826d2a4adc8a08b558033a021a9656b8734821e4f405dfa85e52c34e156c85
#4 DONE 0.0s

#5 [internal] load build context
#5 transferring context: 79.87kB 0.0s done
#5 DONE 0.0s

#6 [2/6] RUN apt update     && apt -y install       build-essential       ca-certificates       cmake       cmake-curses-gui       curl       less       libcurl4-openssl-dev       m4       vim       zlib1g-dev     && apt clean
#6 CACHED

#7 [3/6] COPY . /micm/
#7 DONE 0.0s

#8 [4/6] RUN cp -r /opt/nvidia/hpc_sdk/*/23.7/cuda/include/* /usr/include/
#8 DONE 0.1s

#9 [5/6] RUN mkdir /build       && cd /build       && cmake         -D CMAKE_BUILD_TYPE=debug         -D MICM_ENABLE_CUDA=ON         -D MICM_GPU_TYPE="a100"         ../micm       && make
#9 0.216 -- The CXX compiler identification is NVHPC 23.7.0
#9 0.220 -- Detecting CXX compiler ABI info
#9 0.337 -- Detecting CXX compiler ABI info - done
#9 0.341 -- Check for working CXX compiler: /opt/nvidia/hpc_sdk/Linux_aarch64/23.7/compilers/bin/nvc++ - skipped
#9 0.342 -- Detecting CXX compile features
#9 0.342 -- Detecting CXX compile features - done
#9 0.342 -- CMake build configuration for micm(debug) 3.5.0
#9 4.174 -- The C compiler identification is NVHPC 23.7.0
#9 4.176 -- Detecting C compiler ABI info
#9 4.266 -- Detecting C compiler ABI info - done
#9 4.270 -- Check for working C compiler: /opt/nvidia/hpc_sdk/Linux_aarch64/23.7/compilers/bin/nvc - skipped
#9 4.271 -- Detecting C compile features
#9 4.271 -- Detecting C compile features - done
#9 4.284 -- Could NOT find Python3 (missing: Python3_EXECUTABLE Interpreter) 
#9 4.284 -- Looking for pthread.h
#9 4.379 -- Looking for pthread.h - found
#9 4.380 -- Performing Test CMAKE_HAVE_LIBC_PTHREAD
#9 4.478 -- Performing Test CMAKE_HAVE_LIBC_PTHREAD - Success
#9 4.479 -- Found Threads: TRUE  
#9 37.81 -- Using the multi-header code from /build/_deps/json-src/include/
#9 37.82 -- Found CUDA: /opt/nvidia/hpc_sdk/Linux_aarch64/23.7/cuda/12.2 (found version "12.2") 
#9 38.31 -- The CUDA compiler identification is NVIDIA 12.2.91
#9 38.32 -- Detecting CUDA compiler ABI info
#9 38.79 -- Detecting CUDA compiler ABI info - done
#9 38.81 -- Check for working CUDA compiler: /opt/nvidia/hpc_sdk/Linux_aarch64/23.7/compilers/bin/nvcc - skipped
#9 38.81 -- Detecting CUDA compile features
#9 38.81 -- Detecting CUDA compile features - done
#9 38.82 -- GPU architecture 80
#9 38.83 -- Configuring done
#9 38.87 -- Generating done
#9 38.87 -- Build files have been written to: /build
#9 38.90 [  0%] Built target copy_example_configs
#9 38.91 [  0%] Building CXX object _deps/googletest-build/googletest/CMakeFiles/gtest.dir/src/gtest-all.cc.o
#9 43.00 [  1%] Linking CXX static library ../../../lib/libgtest.a
#9 43.02 [  1%] Built target gtest
#9 43.03 [  2%] Building CXX object _deps/googletest-build/googletest/CMakeFiles/gtest_main.dir/src/gtest_main.cc.o
#9 44.32 [  3%] Linking CXX static library ../../../lib/libgtest_main.a
#9 44.33 [  3%] Built target gtest_main
#9 44.34 [  4%] Building CUDA object src/CMakeFiles/micm_cuda.dir/process/process_set.cu.o
#9 44.83 [  5%] Building CUDA object src/CMakeFiles/micm_cuda.dir/solver/lu_decomposition.cu.o
#9 45.67 [  6%] Building CUDA object src/CMakeFiles/micm_cuda.dir/solver/linear_solver.cu.o
#9 46.21 [  6%] Building CUDA object src/CMakeFiles/micm_cuda.dir/solver/rosenbrock.cu.o
#9 47.40 [  7%] Building CUDA object src/CMakeFiles/micm_cuda.dir/util/cuda_matrix.cu.o
#9 48.50 [  8%] Linking CUDA static library libmicm_cuda.a
#9 48.52 [  8%] Built target micm_cuda
#9 48.54 [  8%] Built target copy_unit_test_configs
#9 48.55 [  8%] Building CXX object test/unit/configure/CMakeFiles/test_solver_config.dir/test_solver_config.cpp.o
#9 55.14 [  9%] Linking CXX executable ../../../test_solver_config
#9 55.24 [  9%] Built target test_solver_config
#9 55.25 [  9%] Building CXX object test/unit/configure/process/CMakeFiles/test_arrhenius_config.dir/test_arrhenius_config.cpp.o
#9 61.65 [ 10%] Linking CXX executable ../../../../test_arrhenius_config
#9 61.74 [ 10%] Built target test_arrhenius_config
#9 61.75 [ 11%] Building CXX object test/unit/configure/process/CMakeFiles/test_branched_config.dir/test_branched_config.cpp.o
#9 68.17 [ 12%] Linking CXX executable ../../../../test_branched_config
#9 68.27 [ 12%] Built target test_branched_config
#9 68.27 [ 13%] Building CXX object test/unit/configure/process/CMakeFiles/test_emission_config.dir/test_emission_config.cpp.o
#9 74.66 [ 13%] Linking CXX executable ../../../../test_emission_config
#9 74.76 [ 13%] Built target test_emission_config
#9 74.77 [ 14%] Building CXX object test/unit/configure/process/CMakeFiles/test_first_order_loss_config.dir/test_first_order_loss_config.cpp.o
#9 81.20 [ 15%] Linking CXX executable ../../../../test_first_order_loss_config
#9 81.29 [ 15%] Built target test_first_order_loss_config
#9 81.30 [ 16%] Building CXX object test/unit/configure/process/CMakeFiles/test_photolysis_config.dir/test_photolysis_config.cpp.o
#9 87.71 [ 17%] Linking CXX executable ../../../../test_photolysis_config
#9 87.80 [ 17%] Built target test_photolysis_config
#9 87.81 [ 18%] Building CXX object test/unit/configure/process/CMakeFiles/test_surface_config.dir/test_surface_config.cpp.o
#9 94.24 [ 19%] Linking CXX executable ../../../../test_surface_config
#9 94.33 [ 19%] Built target test_surface_config
#9 94.34 [ 20%] Building CXX object test/unit/configure/process/CMakeFiles/test_ternary_chemical_activation_config.dir/test_ternary_chemical_activation_config.cpp.o
#9 100.8 [ 21%] Linking CXX executable ../../../../test_ternary_chemical_activation_config
#9 100.9 [ 21%] Built target test_ternary_chemical_activation_config
#9 100.9 [ 22%] Building CXX object test/unit/configure/process/CMakeFiles/test_troe_config.dir/test_troe_config.cpp.o
#9 107.4 [ 23%] Linking CXX executable ../../../../test_troe_config
#9 107.5 [ 23%] Built target test_troe_config
#9 107.5 [ 23%] Building CXX object test/unit/configure/process/CMakeFiles/test_tunneling_config.dir/test_tunneling_config.cpp.o
#9 114.0 [ 24%] Linking CXX executable ../../../../test_tunneling_config
#9 114.0 [ 24%] Built target test_tunneling_config
#9 114.1 [ 24%] Building CXX object test/unit/configure/process/CMakeFiles/test_user_defined_config.dir/test_user_defined_config.cpp.o
#9 120.6 [ 25%] Linking CXX executable ../../../../test_user_defined_config
#9 120.7 [ 25%] Built target test_user_defined_config
#9 120.7 [ 26%] Building CXX object test/unit/process/CMakeFiles/test_process.dir/test_process.cpp.o
#9 124.3 [ 27%] Linking CXX executable ../../../test_process
#9 124.4 [ 27%] Built target test_process
#9 124.4 [ 27%] Building CXX object test/unit/process/CMakeFiles/test_process_set.dir/test_process_set.cpp.o
#9 128.7 [ 28%] Linking CXX executable ../../../test_process_set
#9 128.8 [ 28%] Built target test_process_set
#9 128.9 [ 29%] Building CXX object test/unit/process/CMakeFiles/test_arrhenius_rate_constant.dir/test_arrhenius_rate_constant.cpp.o
#9 131.2 [ 30%] Linking CXX executable ../../../test_arrhenius_rate_constant
#9 131.3 [ 30%] Built target test_arrhenius_rate_constant
#9 131.3 [ 31%] Building CXX object test/unit/process/CMakeFiles/test_branched_rate_constant.dir/test_branched_rate_constant.cpp.o
#9 133.6 [ 31%] Linking CXX executable ../../../test_branched_rate_constant
#9 133.7 [ 31%] Built target test_branched_rate_constant
#9 133.7 [ 31%] Building CXX object test/unit/process/CMakeFiles/test_surface_rate_constant.dir/test_surface_rate_constant.cpp.o
#9 136.7 [ 32%] Linking CXX executable ../../../test_surface_rate_constant
#9 136.8 [ 32%] Built target test_surface_rate_constant
#9 136.8 [ 33%] Building CXX object test/unit/process/CMakeFiles/test_ternary_chemical_activation_rate_constant.dir/test_ternary_chemical_activation_rate_constant.cpp.o
#9 139.2 [ 33%] Linking CXX executable ../../../test_ternary_chemical_activation_rate_constant
#9 139.3 [ 33%] Built target test_ternary_chemical_activation_rate_constant
#9 139.3 [ 34%] Building CXX object test/unit/process/CMakeFiles/test_troe_rate_constant.dir/test_troe_rate_constant.cpp.o
#9 141.6 [ 35%] Linking CXX executable ../../../test_troe_rate_constant
#9 141.7 [ 35%] Built target test_troe_rate_constant
#9 141.7 [ 36%] Building CXX object test/unit/process/CMakeFiles/test_tunneling_rate_constant.dir/test_tunneling_rate_constant.cpp.o
#9 144.0 [ 37%] Linking CXX executable ../../../test_tunneling_rate_constant
#9 144.1 [ 37%] Built target test_tunneling_rate_constant
#9 144.1 [ 38%] Building CXX object test/unit/process/CMakeFiles/test_user_defined_rate_constant.dir/test_user_defined_rate_constant.cpp.o
#9 146.8 [ 39%] Linking CXX executable ../../../test_user_defined_rate_constant
#9 146.9 [ 39%] Built target test_user_defined_rate_constant
#9 146.9 [ 40%] Building CXX object test/unit/process/CMakeFiles/test_cuda_process_set.dir/test_cuda_process_set.cpp.o
#9 150.6 [ 41%] Linking CXX executable ../../../test_cuda_process_set
#9 150.7 [ 41%] Built target test_cuda_process_set
#9 150.8 [ 42%] Building CXX object test/unit/solver/CMakeFiles/test_chapman_ode_solver.dir/test_chapman_ode_solver.cpp.o
#9 153.9 [ 43%] Linking CXX executable ../../../test_chapman_ode_solver
#9 154.0 [ 43%] Built target test_chapman_ode_solver
#9 154.0 [ 43%] Building CXX object test/unit/solver/CMakeFiles/test_linear_solver.dir/test_linear_solver.cpp.o
#9 157.5 [ 44%] Linking CXX executable ../../../test_linear_solver
#9 157.6 [ 44%] Built target test_linear_solver
#9 157.6 [ 45%] Building CXX object test/unit/solver/CMakeFiles/test_lu_decomposition.dir/test_lu_decomposition.cpp.o
#9 160.7 [ 46%] Linking CXX executable ../../../test_lu_decomposition
#9 160.8 [ 46%] Built target test_lu_decomposition
#9 160.8 [ 47%] Building CXX object test/unit/solver/CMakeFiles/test_rosenbrock.dir/test_rosenbrock.cpp.o
#9 165.9 [ 48%] Linking CXX executable ../../../test_rosenbrock
#9 166.0 [ 48%] Built target test_rosenbrock
#9 166.0 [ 48%] Building CXX object test/unit/solver/CMakeFiles/test_state.dir/test_state.cpp.o
#9 169.1 [ 49%] Linking CXX executable ../../../test_state
#9 169.2 [ 49%] Built target test_state
#9 169.2 [ 49%] Building CXX object test/unit/solver/CMakeFiles/test_backward_euler.dir/test_backward_euler.cpp.o
#9 173.2 [ 50%] Linking CXX executable ../../../test_backward_euler
#9 173.3 [ 50%] Built target test_backward_euler
#9 173.3 [ 51%] Building CXX object test/unit/solver/CMakeFiles/test_solver_builder.dir/test_solver_builder.cpp.o
#9 177.4 [ 52%] Linking CXX executable ../../../test_solver_builder
#9 177.5 [ 52%] Built target test_solver_builder
#9 177.5 [ 52%] Building CXX object test/unit/solver/CMakeFiles/test_cuda_lu_decomposition.dir/test_cuda_lu_decomposition.cpp.o
#9 180.8 [ 53%] Linking CXX executable ../../../test_cuda_lu_decomposition
#9 180.9 [ 53%] Built target test_cuda_lu_decomposition
#9 180.9 [ 54%] Building CXX object test/unit/solver/CMakeFiles/test_cuda_linear_solver.dir/test_cuda_linear_solver.cpp.o
#9 184.6 [ 55%] Linking CXX executable ../../../test_cuda_linear_solver
#9 184.7 [ 55%] Built target test_cuda_linear_solver
#9 184.7 [ 56%] Building CXX object test/unit/solver/CMakeFiles/test_cuda_rosenbrock.dir/test_cuda_rosenbrock.cpp.o
#9 192.2 [ 56%] Linking CXX executable ../../../test_cuda_rosenbrock
#9 192.4 [ 56%] Built target test_cuda_rosenbrock
#9 192.4 [ 57%] Building CXX object test/unit/system/CMakeFiles/test_phase.dir/test_phase.cpp.o
#9 194.6 [ 57%] Linking CXX executable ../../../test_phase
#9 194.7 [ 57%] Built target test_phase
#9 194.7 [ 58%] Building CXX object test/unit/system/CMakeFiles/test_species.dir/test_species.cpp.o
#9 197.3 [ 59%] Linking CXX executable ../../../test_species
#9 197.4 [ 59%] Built target test_species
#9 197.4 [ 60%] Building CXX object test/unit/system/CMakeFiles/test_system.dir/test_system.cpp.o
#9 200.0 [ 61%] Linking CXX executable ../../../test_system
#9 200.1 [ 61%] Built target test_system
#9 200.1 [ 61%] Building CXX object test/unit/util/CMakeFiles/test_matrix.dir/test_matrix.cpp.o
#9 202.4 [ 62%] Linking CXX executable ../../../test_matrix
#9 202.5 [ 62%] Built target test_matrix
#9 202.5 [ 63%] Building CXX object test/unit/util/CMakeFiles/test_sparse_matrix_standard_ordering.dir/test_sparse_matrix_standard_ordering.cpp.o
#9 205.1 [ 63%] Linking CXX executable ../../../test_sparse_matrix_standard_ordering
#9 205.2 [ 63%] Built target test_sparse_matrix_standard_ordering
#9 205.2 [ 64%] Building CXX object test/unit/util/CMakeFiles/test_sparse_matrix_vector_ordering.dir/test_sparse_matrix_vector_ordering.cpp.o
#9 208.0 [ 65%] Linking CXX executable ../../../test_sparse_matrix_vector_ordering
#9 208.1 [ 65%] Built target test_sparse_matrix_vector_ordering
#9 208.1 [ 66%] Building CXX object test/unit/util/CMakeFiles/test_vector_matrix.dir/test_vector_matrix.cpp.o
#9 210.8 [ 66%] Linking CXX executable ../../../test_vector_matrix
#9 210.8 [ 66%] Built target test_vector_matrix
#9 210.9 [ 67%] Building CUDA object test/unit/util/CMakeFiles/micm_cuda_test_utils.dir/cuda_matrix_utils.cu.o
#9 211.3 [ 67%] Linking CXX static library libmicm_cuda_test_utils.a
#9 211.4 [ 67%] Built target micm_cuda_test_utils
#9 211.4 [ 67%] Building CXX object test/unit/util/CMakeFiles/test_cuda_dense_matrix.dir/test_cuda_dense_matrix.cpp.o
#9 214.4 [ 68%] Linking CXX executable ../../../test_cuda_dense_matrix
#9 214.5 [ 68%] Built target test_cuda_dense_matrix
#9 214.5 [ 69%] Building CXX object test/unit/util/CMakeFiles/test_cuda_sparse_matrix.dir/test_cuda_sparse_matrix.cpp.o
#9 217.6 [ 70%] Linking CXX executable ../../../test_cuda_sparse_matrix
#9 217.7 [ 70%] Built target test_cuda_sparse_matrix
#9 217.7 [ 71%] Building CXX object test/unit/version/CMakeFiles/test_version.dir/test_version.cpp.o
#9 219.5 [ 72%] Linking CXX executable ../../../test_version
#9 219.6 [ 72%] Built target test_version
#9 219.6 [ 73%] Building CXX object test/regression/RosenbrockChapman/CMakeFiles/test_regression_test_rosenbrock_p_force.dir/regression_test_p_force.cpp.o
#9 220.6 "/micm/test/regression/RosenbrockChapman/regression_test_p_force.cpp", line 18: error: argument list for alias template "micm::CpuSolverBuilder" is missing
#9 220.6     auto builder = micm::CpuSolverBuilder(micm::RosenbrockSolverParameters::ThreeStageRosenbrockParameters());
#9 220.6                          ^
#9 220.6 
#9 220.7 "/micm/test/regression/RosenbrockChapman/regression_test_p_force.cpp", line 49: error: argument list for alias template "micm::CpuSolverBuilder" is missing
#9 220.7     auto builder = micm::CpuSolverBuilder(micm::RosenbrockSolverParameters::ThreeStageRosenbrockParameters());
#9 220.7                          ^
#9 220.7 
#9 221.4 2 errors detected in the compilation of "/micm/test/regression/RosenbrockChapman/regression_test_p_force.cpp".
#9 221.4 make[2]: *** [test/regression/RosenbrockChapman/CMakeFiles/test_regression_test_rosenbrock_p_force.dir/build.make:76: test/regression/RosenbrockChapman/CMakeFiles/test_regression_test_rosenbrock_p_force.dir/regression_test_p_force.cpp.o] Error 2
#9 221.4 make[1]: *** [CMakeFiles/Makefile2:1838: test/regression/RosenbrockChapman/CMakeFiles/test_regression_test_rosenbrock_p_force.dir/all] Error 2
#9 221.4 make: *** [Makefile:146: all] Error 2
#9 ERROR: process "/bin/sh -c mkdir /build       && cd /build       && cmake         -D CMAKE_BUILD_TYPE=debug         -D MICM_ENABLE_CUDA=ON         -D MICM_GPU_TYPE=\"a100\"         ../micm       && make" did not complete successfully: exit code: 2
------
 > [5/6] RUN mkdir /build       && cd /build       && cmake         -D CMAKE_BUILD_TYPE=debug         -D MICM_ENABLE_CUDA=ON         -D MICM_GPU_TYPE="a100"         ../micm       && make:
220.6                          ^
220.6 
220.7 "/micm/test/regression/RosenbrockChapman/regression_test_p_force.cpp", line 49: error: argument list for alias template "micm::CpuSolverBuilder" is missing
220.7     auto builder = micm::CpuSolverBuilder(micm::RosenbrockSolverParameters::ThreeStageRosenbrockParameters());
220.7                          ^
220.7 
221.4 2 errors detected in the compilation of "/micm/test/regression/RosenbrockChapman/regression_test_p_force.cpp".
221.4 make[2]: *** [test/regression/RosenbrockChapman/CMakeFiles/test_regression_test_rosenbrock_p_force.dir/build.make:76: test/regression/RosenbrockChapman/CMakeFiles/test_regression_test_rosenbrock_p_force.dir/regression_test_p_force.cpp.o] Error 2
221.4 make[1]: *** [CMakeFiles/Makefile2:1838: test/regression/RosenbrockChapman/CMakeFiles/test_regression_test_rosenbrock_p_force.dir/all] Error 2
221.4 make: *** [Makefile:146: all] Error 2
------
Dockerfile.nvhpc:35
--------------------
  34 |     # build the library and run the tests
  35 | >>> RUN mkdir /build \
  36 | >>>       && cd /build \ 
  37 | >>>       && cmake \
  38 | >>>         -D CMAKE_BUILD_TYPE=debug \
  39 | >>>         -D MICM_ENABLE_CUDA=ON \
  40 | >>>         -D MICM_GPU_TYPE="a100" \
  41 | >>>         ../micm \
  42 | >>>       && make
  43 |     
--------------------
ERROR: failed to solve: process "/bin/sh -c mkdir /build       && cd /build       && cmake         -D CMAKE_BUILD_TYPE=debug         -D MICM_ENABLE_CUDA=ON         -D MICM_GPU_TYPE=\"a100\"         ../micm       && make" did not complete successfully: exit code: 2

View build details: docker-desktop://dashboard/build/desktop-linux/desktop-linux/ix5h3gdbrty9fb8jczpuzqfhu
