<?xml version="1.0" encoding="UTF-8"?>
<Site BuildName="(empty)"
	BuildStamp="20240905-2208-Experimental"
	Name="(empty)"
	Generator="ctest-3.30.2"
	CompilerName=""
	CompilerVersion=""
	OSName="macOS"
	Hostname="acom-thind2024"
	OSRelease="14.6.1"
	OSVersion="23G93"
	OSPlatform="arm64"
	Is64Bits="1"
	VendorString="Apple"
	VendorID="Apple"
	FamilyID="0"
	ModelID="0"
	ProcessorCacheSize="131072"
	NumberOfLogicalCPU="12"
	NumberOfPhysicalCPU="12"
	TotalVirtualMemory="3072"
	TotalPhysicalMemory="32768"
	LogicalProcessorsPerPhysical="12"
	ProcessorClockFrequency="0"
	>
	<Testing>
		<StartDateTime>Sep 05 15:35 PDT</StartDateTime>
		<StartTestTime>1725575719</StartTestTime>
		<TestList>
			<Test>./ts1_example</Test>
		</TestList>
		<Test Status="passed">
			<Name>ts1_example</Name>
			<Path>.</Path>
			<FullName>./ts1_example</FullName>
			<FullCommandLine>/Users/mthind/Desktop/code/micm/build/micm "/Users/mthind/Desktop/code/micm/build/examples/configs/TS1" "/Users/mthind/Desktop/code/micm/build/examples/configs/TS1/initial_conditions.csv"</FullCommandLine>
			<Results>
				<NamedMeasurement type="numeric/double" name="Execution Time">
					<Value>1.0879</Value>
				</NamedMeasurement>
				<NamedMeasurement type="numeric/double" name="Processors">
					<Value>1</Value>
				</NamedMeasurement>
				<NamedMeasurement type="text/string" name="Completion Status">
					<Value>Completed</Value>
				</NamedMeasurement>
				<NamedMeasurement type="text/string" name="Command Line">
					<Value>/Users/mthind/Desktop/code/micm/build/micm "/Users/mthind/Desktop/code/micm/build/examples/configs/TS1" "/Users/mthind/Desktop/code/micm/build/examples/configs/TS1/initial_conditions.csv"</Value>
				</NamedMeasurement>
				<NamedMeasurement type="text/string" name="Environment">
					<Value>#CTEST_RESOURCE_GROUP_COUNT=</Value>
				</NamedMeasurement>
				<Measurement>
					<Value encoding="base64" compression="gzip">eJzt0cFqwkAQBuB7nuJ/AZdMEqG5CBaSIjQKMfYiHtJk6gajG3Yn1b59lT6AIkEoeBuG+b/D/Jk5CO+wLPLZ/O1j+r5K8Jqki0WegK01FmlrSsHetFz1bWlx5GarBevd9rIc0QajCXxFYUgRedlQXBBROB6OI5/8+Do3mxdXsadyr3JrWeOYaMDug5CCl//1qccpSilvXejGoSutwHxBNEPYnedeul5wLB0s780313DNoWI0Aj5VzLX7O9aWnTZtfUmTH0T4/DkDauP9AlCoY1c=</Value>
				</Measurement>
			</Results>
		</Test>
		<EndDateTime>Sep 05 15:35 PDT</EndDateTime>
		<EndTestTime>1725575721</EndTestTime>
		<ElapsedMinutes>0</ElapsedMinutes>
	</Testing>
</Site>
